# stats: dump at 1480372648
stats: users 1 7
stats: session 1828 2.898865146762174 0.7605739105945458 19.009765625 2.008056640625 0 0
stats: users_count 1829 1829
stats: finish_users_count 1828 1828
stats: request 1736 0.9014560681883638 0.3528113781395364 6.868896484375 0.404052734375 0 0
stats: page 1736 0.9014560681883638 0.3528113781395364 6.868896484375 0.404052734375 0 0
stats: connect 1736 0.4668382213961692 0.29773998634403037 5.575927734375 0.157958984375 0 0
stats: 200 1663 1663
stats: size_rcv 1679630 1679630
stats: size_sent 119784 119784
stats: connected 0 0
# stats: dump at 1480372658
stats: users 0 8
stats: session 1907 2.856967391927767 0.2954970235145085 19.009765625 2.008056640625 2.898865146762174 1828
stats: users_count 1906 3735
stats: finish_users_count 1907 3735
stats: page 1901 0.8870462400545763 0.27611609651254976 9.237060546875 0.39794921875 0.9014560681883638 1736
stats: request 1901 0.8870462400545763 0.27611609651254976 9.237060546875 0.39794921875 0.9014560681883638 1736
stats: connect 1901 0.447864610731194 0.14177353440309262 5.575927734375 0.157958984375 0.4668382213961692 1736
stats: 200 1836 3499
stats: size_rcv 1854360 3533990
stats: size_sent 131169 250953
stats: connected 0 0
# stats: dump at 1480372668
stats: users 0 8
stats: session 1984 2.857776149626703 0.19108827855328742 19.009765625 2.008056640625 2.877473173945785 3735
stats: users_count 1984 5719
stats: finish_users_count 1984 5719
stats: request 2001 0.8848067421367443 0.15409873403113766 9.237060546875 0.39794921875 0.8939242883471953 3637
stats: connect 2001 0.45563424342516257 0.10638199539476564 5.575927734375 0.157958984375 0.45692102758970293 3637
stats: page 2001 0.8848067421367443 0.15409873403113766 9.237060546875 0.39794921875 0.8939242883471953 3637
stats: 200 1914 5413
stats: size_rcv 1933140 5467130
stats: size_sent 138069 389022
stats: connected 0 0
# stats: dump at 1480372678
stats: users 0 8
stats: session 1954 2.865493758796059 0.22521454169030314 19.009765625 2.008056640625 2.87064000446702 5719
stats: users_count 1954 7673
stats: finish_users_count 1954 7673
stats: request 1950 0.8908055388621793 0.1758483885146292 9.237060546875 0.39794921875 0.8906883518507226 5638
stats: page 1950 0.8908055388621793 0.1758483885146292 9.237060546875 0.39794921875 0.8906883518507226 5638
stats: connect 1950 0.45535293970352564 0.11345515685838857 5.575927734375 0.157958984375 0.45646433104602696 5638
stats: 200 1878 7291
stats: size_rcv 1896780 7363910
stats: size_sent 134550 523572
stats: connected 0 0
# stats: dump at 1480372688
stats: users 0 8
stats: session 1906 2.87746753672613 0.1902735482634173 19.009765625 2.008056640625 2.8693294656893507 7673
stats: users_count 1906 9579
stats: finish_users_count 1906 9579
stats: request 1922 0.9044029402559182 0.1635946689687805 9.237060546875 0.39794921875 0.8907184671211944 7588
stats: page 1922 0.9044029402559182 0.1635946689687805 9.237060546875 0.39794921875 0.8907184671211944 7588
stats: connect 1922 0.47080995240146983 0.10863921364385187 5.575927734375 0.157958984375 0.45617872046117225 7588
stats: 200 1847 9138
stats: size_rcv 1865470 9229380
stats: size_sent 132618 656190
stats: connected 0 0
# stats: dump at 1480372698
stats: users 1 8
stats: session 1888 2.8581866248179306 0.18749260676486443 19.009765625 2.008056640625 2.8709487540697767 9579
stats: users_count 1889 11468
stats: finish_users_count 1888 11467
stats: request 1888 0.887509362172272 0.15034927048374888 9.237060546875 0.381103515625 0.8934841408714509 9510
stats: page 1888 0.887509362172272 0.15034927048374888 9.237060546875 0.381103515625 0.8934841408714509 9510
stats: connect 1888 0.45637964798232267 0.10224184925018724 5.575927734375 0.157958984375 0.459135737053102 9510
stats: 200 1826 10964
stats: size_rcv 1844260 11073640
stats: size_sent 130272 786462
stats: connected 0 0
# stats: dump at 1480372708
stats: users 0 8
stats: session 1880 2.8567255547706107 0.18234976052503482 19.009765625 2.008056640625 2.8688475157312845 11467
stats: users_count 1879 13347
stats: finish_users_count 1880 13347
stats: request 1862 0.8823252676893129 0.14650204025438926 9.237060546875 0.381103515625 0.8924944600341067 11398
stats: page 1862 0.8823252676893129 0.14650204025438926 9.237060546875 0.381103515625 0.8924944600341067 11398
stats: connect 1862 0.4509710031216433 0.1032172621585963 5.575927734375 0.157958984375 0.45867920992855105 11398
stats: 200 1797 12761
stats: size_rcv 1814970 12888610
stats: size_sent 128478 914940
stats: connected 0 0
# stats: dump at 1480372718
stats: users 0 8
stats: session 1849 2.8670070023069902 0.1922950795698002 19.009765625 2.008056640625 2.8671400693683515 13347
stats: users_count 1849 15196
stats: finish_users_count 1849 15196
stats: request 1870 0.8950456425467914 0.15865814305865827 9.237060546875 0.381103515625 0.8910664784243023 13260
stats: page 1870 0.8950456425467914 0.15865814305865827 9.237060546875 0.381103515625 0.8910664784243023 13260
stats: connect 1870 0.46110487341243306 0.11323351410648183 5.575927734375 0.157958984375 0.457596805624293 13260
stats: 200 1812 14573
stats: size_rcv 1830120 14718730
stats: size_sent 129030 1043970
stats: connected 0 0
# stats: dump at 1480372728
stats: users 0 8
stats: session 1960 2.860810447225768 0.22007565509918284 19.009765625 2.008056640625 2.8671238781998563 15196
stats: users_count 1960 17156
stats: finish_users_count 1960 17156
stats: request 1945 0.893426905928663 0.1850748634891606 9.237060546875 0.381103515625 0.8915582852259583 15130
stats: page 1945 0.893426905928663 0.1850748634891606 9.237060546875 0.381103515625 0.8915582852259583 15130
stats: connect 1945 0.46088729113110527 0.12837343642148438 5.575927734375 0.157958984375 0.4580303870363103 15130
stats: 200 1867 16440
stats: size_rcv 1885670 16604400
stats: size_sent 134205 1178175
stats: connected 0 0
# stats: dump at 1480372738
stats: users 0 8
stats: session 1910 2.870358132567083 0.17508841297262204 19.009765625 2.008056640625 2.8664025955751646 17156
stats: users_count 1910 19066
stats: finish_users_count 1910 19066
stats: request 1926 0.8969414731795171 0.1420994544130583 9.237060546875 0.381103515625 0.8917711383601756 17075
stats: page 1926 0.8969414731795171 0.1420994544130583 9.237060546875 0.381103515625 0.8917711383601756 17075
stats: connect 1926 0.4646075952832944 0.09881725862392955 5.575927734375 0.157958984375 0.4583558147648243 17075
stats: 200 1877 18317
stats: size_rcv 1895770 18500170
stats: size_sent 132894 1311069
stats: connected 0 0
# stats: dump at 1480372744
stats: users 0 8
stats: session 189 2.8848960916832 0.18329664346456837 19.009765625 2.008056640625 2.866798854657015 19066
stats: users_count 189 19255
stats: finish_users_count 189 19255
stats: request 254 0.9138577679010826 0.1521779113178933 9.237060546875 0.381103515625 0.8922952194539103 19001
stats: page 254 0.9138577679010826 0.1521779113178933 9.237060546875 0.381103515625 0.8922952194539103 19001
stats: connect 254 0.48521411325049213 0.1122383572076931 5.575927734375 0.157958984375 0.4589895145321299 19001
stats: 200 241 18558
stats: size_rcv 243410 18743580
stats: size_sent 17526 1328595
stats: connected 0 0
EndMonitor:{1480,372744,782714}
